INFO:Krok3:++++++++++++++++++++++++++++++++++++++++ started krok3 Pandas
INFO:Krok3:súbor c:\Shares\vrty\vrty3\python\bisect\vrtylozGIS.csv: načítaných 463 deduplikovaných 299 so správnymi súr. 278 riadkov
INFO:Krok3:278 riadkov uložených do excelu c:\Shares\vrty\vrty3\python\bisect\vrty.xlsx:VRTLOZ
INFO:Krok3:21 riadkov uložených do excelu c:\Shares\vrty\vrty3\python\bisect\vrty.xlsx:ERRVRTLOZ
INFO:Krok3:súbor c:\Shares\vrty\vrty3\python\bisect\vrtyGIS.csv: načítaných 12758 deduplikovaných 5591 so správnymi súr. 4965 riadkov
INFO:Krok3:4965 riadkov uložených do excelu c:\Shares\vrty\vrty3\python\bisect\vrty.xlsx:VRT
INFO:Krok3:584 riadkov uložených do excelu c:\Shares\vrty\vrty3\python\bisect\vrty.xlsx:ERRVRT
INFO:Krok3:súbor c:\Shares\vrty\vrty3\python\bisect\GEO5QGIS.csv: načítaných 2 deduplikovaných 1 so správnymi súr. 0 riadkov
INFO:Krok3:0 riadkov uložených do excelu c:\Shares\vrty\vrty3\python\bisect\vrty.xlsx:GEO5
INFO:Krok3:0 riadkov uložených do excelu c:\Shares\vrty\vrty3\python\bisect\vrty.xlsx:ERRGEO5
INFO:Krok3:++++++++++++++++++++++++++++++++++++++++ done krok3 Pandas
INFO:Krok3:++++++++++++++++++++++++++++++++++++++++ started krok3 Pandas
INFO:Krok3:súbor c:\Shares\vrty\vrty3\python\bisect\vrtylozGIS.csv: načítaných 463 deduplikovaných 299 so správnymi súr. 278 riadkov
ERROR:Krok3:Exception: Append mode is not supported with xlsxwriter! <class 'ValueError'>
ERROR:Krok3:Exception: Append mode is not supported with xlsxwriter! <class 'ValueError'>
INFO:Krok3:súbor c:\Shares\vrty\vrty3\python\bisect\vrtyGIS.csv: načítaných 12758 deduplikovaných 5591 so správnymi súr. 4965 riadkov
ERROR:Krok3:Exception: Append mode is not supported with xlsxwriter! <class 'ValueError'>
ERROR:Krok3:Exception: Append mode is not supported with xlsxwriter! <class 'ValueError'>
INFO:Krok3:súbor c:\Shares\vrty\vrty3\python\bisect\GEO5QGIS.csv: načítaných 2 deduplikovaných 1 so správnymi súr. 0 riadkov
ERROR:Krok3:Exception: Append mode is not supported with xlsxwriter! <class 'ValueError'>
ERROR:Krok3:Exception: Append mode is not supported with xlsxwriter! <class 'ValueError'>
INFO:Krok3:++++++++++++++++++++++++++++++++++++++++ done krok3 Pandas
INFO:Krok3:++++++++++++++++++++++++++++++++++++++++ started krok3 Pandas
INFO:Krok3:súbor c:\Shares\vrty\vrty3\python\bisect\vrtylozGIS.csv: načítaných 463 deduplikovaných 299 so správnymi súr. 278 riadkov
INFO:Krok3:278 riadkov uložených do excelu c:\Shares\vrty\vrty3\python\bisect\vrty.xlsx:VRTLOZ
INFO:Krok3:21 riadkov uložených do excelu c:\Shares\vrty\vrty3\python\bisect\vrty.xlsx:ERRVRTLOZ
INFO:Krok3:súbor c:\Shares\vrty\vrty3\python\bisect\vrtyGIS.csv: načítaných 12758 deduplikovaných 5591 so správnymi súr. 4965 riadkov
INFO:Krok3:4965 riadkov uložených do excelu c:\Shares\vrty\vrty3\python\bisect\vrty.xlsx:VRT
INFO:Krok3:584 riadkov uložených do excelu c:\Shares\vrty\vrty3\python\bisect\vrty.xlsx:ERRVRT
INFO:Krok3:súbor c:\Shares\vrty\vrty3\python\bisect\GEO5QGIS.csv: načítaných 2 deduplikovaných 1 so správnymi súr. 0 riadkov
INFO:Krok3:0 riadkov uložených do excelu c:\Shares\vrty\vrty3\python\bisect\vrty.xlsx:GEO5
INFO:Krok3:0 riadkov uložených do excelu c:\Shares\vrty\vrty3\python\bisect\vrty.xlsx:ERRGEO5
INFO:Krok3:++++++++++++++++++++++++++++++++++++++++ done krok3 Pandas
