Chýba c:\Shares\vrty\vrty3\python\bisect\00007\THV-9_64.pdf
Chýba c:\Shares\vrty\vrty3\python\bisect\00007\THV-9_64.pdf
Chýba c:\Shares\vrty\vrty3\python\bisect\00007\THV-34_65.pdf
Chýba c:\Shares\vrty\vrty3\python\bisect\00007\THV-32_65.pdf
Chýba c:\Shares\vrty\vrty3\python\bisect\00007\THV-34_65.pdf
Chýba c:\Shares\vrty\vrty3\python\bisect\00007\THV-32_65.pdf
Chýba c:\Shares\vrty\vrty3\python\bisect\00007\THV-34_65.pdf
Chýba c:\Shares\vrty\vrty3\python\bisect\00007\THV-32_65.pdf
Chýba c:\Shares\vrty\vrty3\python\bisect\00007\THV-34_65.pdf
Chýba c:\Shares\vrty\vrty3\python\bisect\00007\THV-32_65.pdf
Chýba c:\Shares\vrty\vrty3\python\bisect\00007\THV-56_66.pdf
Chýba c:\Shares\vrty\vrty3\python\bisect\00007\THV-56_66.pdf
Chýba c:\Shares\vrty\vrty3\python\bisect\00007\THV-56_66.pdf
Chýba c:\Shares\vrty\vrty3\python\bisect\00007\THV-56_66.pdf
Chýba c:\Shares\vrty\vrty3\python\bisect\00007\THV-9_64.pdf
Chýba c:\Shares\vrty\vrty3\python\bisect\00007\THV-9_64.pdf
Chýba c:\Shares\vrty\vrty3\python\bisect\00271\MRN-6.pdf
Chýba c:\Shares\vrty\vrty3\python\bisect\00271\MRL-7.pdf
Chýba c:\Shares\vrty\vrty3\python\bisect\00271\MRN-6.pdf
Chýba c:\Shares\vrty\vrty3\python\bisect\00271\MRL-7.pdf
Chýba c:\Shares\vrty\vrty3\python\bisect\00271\MRL-8.pdf
Chýba c:\Shares\vrty\vrty3\python\bisect\00271\MRL-8.pdf
Chýba c:\Shares\vrty\vrty3\python\bisect\01900\Prsany\Prs_Terasa.pdf
Chýba c:\Shares\vrty\vrty3\python\bisect\01900\Prsany\Prs_Terasa.pdf
Chýba c:\Shares\vrty\vrty3\python\bisect\01900\Tale\VIT-1.pdf
Chýba c:\Shares\vrty\vrty3\python\bisect\01900\Tale\VIT-2.pdf
Chýba c:\Shares\vrty\vrty3\python\bisect\01900\Tale\VIT-1.pdf
Chýba c:\Shares\vrty\vrty3\python\bisect\01900\Tale\VIT-2.pdf
Chýba c:\Shares\vrty\vrty3\python\bisect\03300\THV-9_64.pdf
Chýba c:\Shares\vrty\vrty3\python\bisect\03300\THV-9_64.pdf
Chýba c:\Shares\vrty\vrty3\python\bisect\04205\S-1(Ho).pdf
Chýba c:\Shares\vrty\vrty3\python\bisect\04205\S-1(Ho).pdf
Chýba c:\Shares\vrty\vrty3\python\bisect\04205\S-1(NnI).pdf
Chýba c:\Shares\vrty\vrty3\python\bisect\04205\S-1(NnI).pdf
Chýba c:\Shares\vrty\vrty3\python\bisect\04205\S-2(Ho).pdf
Chýba c:\Shares\vrty\vrty3\python\bisect\04205\S-2(Ho).pdf
Chýba c:\Shares\vrty\vrty3\python\bisect\04205\S-2(NnI).pdf
Chýba c:\Shares\vrty\vrty3\python\bisect\04205\S-2(NnI).pdf
Chýba c:\Shares\vrty\vrty3\python\bisect\04205\S-3(Ho).pdf
Chýba c:\Shares\vrty\vrty3\python\bisect\04205\S-3(Ho).pdf
Chýba c:\Shares\vrty\vrty3\python\bisect\04205\S-3(NnI).pdf
Chýba c:\Shares\vrty\vrty3\python\bisect\04205\S-3(NnI).pdf
Chýba c:\Shares\vrty\vrty3\python\bisect\04205\SH-1(Ho).pdf
Chýba c:\Shares\vrty\vrty3\python\bisect\04205\SH-1(Ho).pdf
Chýba c:\Shares\vrty\vrty3\python\bisect\04205\SH-1(NnI).pdf
Chýba c:\Shares\vrty\vrty3\python\bisect\04205\SH-1(NnI).pdf
Chýba c:\Shares\vrty\vrty3\python\bisect\04205\SH-2(Ho).pdf
Chýba c:\Shares\vrty\vrty3\python\bisect\04205\SH-2(Ho).pdf
Chýba c:\Shares\vrty\vrty3\python\bisect\04205\SH-2(NnI).pdf
Chýba c:\Shares\vrty\vrty3\python\bisect\04205\SH-2(NnI).pdf
Chýba c:\Shares\vrty\vrty3\python\bisect\04205\SH-3(Ho).pdf
Chýba c:\Shares\vrty\vrty3\python\bisect\04205\SH-3(Ho).pdf
Chýba c:\Shares\vrty\vrty3\python\bisect\04205\SH-4(Ho).pdf
Chýba c:\Shares\vrty\vrty3\python\bisect\04205\SH-4(Ho).pdf
Chýba c:\Shares\vrty\vrty3\python\bisect\05900\Biotika\B-1.pdf
Chýba c:\Shares\vrty\vrty3\python\bisect\05900\Biotika\B-2.pdf
Chýba c:\Shares\vrty\vrty3\python\bisect\05900\Biotika\B-3.pdf
Chýba c:\Shares\vrty\vrty3\python\bisect\05900\Biotika\B-4.pdf
Chýba c:\Shares\vrty\vrty3\python\bisect\05900\Biotika\B-5.pdf
Chýba c:\Shares\vrty\vrty3\python\bisect\05900\Biotika\B-6.pdf
Chýba c:\Shares\vrty\vrty3\python\bisect\05900\Biotika\B-7.pdf
Chýba c:\Shares\vrty\vrty3\python\bisect\05900\Biotika\B-1.pdf
Chýba c:\Shares\vrty\vrty3\python\bisect\05900\Biotika\B-2.pdf
Chýba c:\Shares\vrty\vrty3\python\bisect\05900\Biotika\B-3.pdf
Chýba c:\Shares\vrty\vrty3\python\bisect\05900\Biotika\B-4.pdf
Chýba c:\Shares\vrty\vrty3\python\bisect\05900\Biotika\B-5.pdf
Chýba c:\Shares\vrty\vrty3\python\bisect\05900\Biotika\B-6.pdf
Chýba c:\Shares\vrty\vrty3\python\bisect\05900\Biotika\B-7.pdf
Chýba c:\Shares\vrty\vrty3\python\bisect\05900\Lubietova\HGL-1.pdf
Chýba c:\Shares\vrty\vrty3\python\bisect\05900\Lubietova\HGL-1.pdf
Chýba c:\Shares\vrty\vrty3\python\bisect\10031\V-1.pdf
Chýba c:\Shares\vrty\vrty3\python\bisect\10031\V-2.pdf
Chýba c:\Shares\vrty\vrty3\python\bisect\10031\V-3.pdf
Chýba c:\Shares\vrty\vrty3\python\bisect\10031\V-4.pdf
Chýba c:\Shares\vrty\vrty3\python\bisect\10031\V-5.pdf
Chýba c:\Shares\vrty\vrty3\python\bisect\10031\V-6.pdf
Chýba c:\Shares\vrty\vrty3\python\bisect\10031\V-1.pdf
Chýba c:\Shares\vrty\vrty3\python\bisect\10031\V-2.pdf
Chýba c:\Shares\vrty\vrty3\python\bisect\10031\V-3.pdf
Chýba c:\Shares\vrty\vrty3\python\bisect\10031\V-4.pdf
Chýba c:\Shares\vrty\vrty3\python\bisect\10031\V-5.pdf
Chýba c:\Shares\vrty\vrty3\python\bisect\10031\V-6.pdf
Chýba c:\Shares\vrty\vrty3\python\bisect\10090\VIK-1.pdf
Chýba c:\Shares\vrty\vrty3\python\bisect\10090\VIK-2.pdf
Chýba c:\Shares\vrty\vrty3\python\bisect\10090\VIT-1.pdf
Chýba c:\Shares\vrty\vrty3\python\bisect\10090\VIN-1.pdf
Chýba c:\Shares\vrty\vrty3\python\bisect\10090\VIN-2.pdf
Chýba c:\Shares\vrty\vrty3\python\bisect\10090\VIK-1.pdf
Chýba c:\Shares\vrty\vrty3\python\bisect\10090\VIK-2.pdf
Chýba c:\Shares\vrty\vrty3\python\bisect\10090\VIT-1.pdf
Chýba c:\Shares\vrty\vrty3\python\bisect\10090\VIN-1.pdf
Chýba c:\Shares\vrty\vrty3\python\bisect\10090\VIN-2.pdf
Chýba c:\Shares\vrty\vrty3\python\bisect\10109\VL-1.pdf
Chýba c:\Shares\vrty\vrty3\python\bisect\10109\VL-1.pdf
Chýba c:\Shares\vrty\vrty3\python\bisect\10109\VL-4.pdf
Chýba c:\Shares\vrty\vrty3\python\bisect\10109\VL-4.pdf
Chýba c:\Shares\vrty\vrty3\python\bisect\10109\VL-5.pdf
Chýba c:\Shares\vrty\vrty3\python\bisect\10109\VL-5.pdf
Chýba c:\Shares\vrty\vrty3\python\bisect\10109\VL-1.pdf
Chýba c:\Shares\vrty\vrty3\python\bisect\10109\VL-1.pdf
Chýba c:\Shares\vrty\vrty3\python\bisect\10109\VL-1.pdf
Chýba c:\Shares\vrty\vrty3\python\bisect\10109\VL-1.pdf
Chýba c:\Shares\vrty\vrty3\python\bisect\10109\VL-1.pdf
Chýba c:\Shares\vrty\vrty3\python\bisect\10109\VL-5.pdf
Chýba c:\Shares\vrty\vrty3\python\bisect\10109\VL-1.pdf
Chýba c:\Shares\vrty\vrty3\python\bisect\10109\VL-5.pdf
Chýba c:\Shares\vrty\vrty3\python\bisect\10109\VL-1.pdf
Chýba c:\Shares\vrty\vrty3\python\bisect\10109\VL-4.pdf
Chýba c:\Shares\vrty\vrty3\python\bisect\10109\VL-1.pdf
Chýba c:\Shares\vrty\vrty3\python\bisect\10109\VL-4.pdf
Chýba c:\Shares\vrty\vrty3\python\bisect\10109\VL-1.pdf
Chýba c:\Shares\vrty\vrty3\python\bisect\10109\VL-4.pdf
Chýba c:\Shares\vrty\vrty3\python\bisect\10109\VL-5.pdf
Chýba c:\Shares\vrty\vrty3\python\bisect\10109\VL-1.pdf
Chýba c:\Shares\vrty\vrty3\python\bisect\10109\VL-4.pdf
Chýba c:\Shares\vrty\vrty3\python\bisect\10109\VL-5.pdf
Chýba c:\Shares\vrty\vrty3\python\bisect\10153\904Roznava.pdf
Chýba c:\Shares\vrty\vrty3\python\bisect\10153\c_904Roznava.pdf
Chýba c:\Shares\vrty\vrty3\python\bisect\10153\923Slavec.pdf
Chýba c:\Shares\vrty\vrty3\python\bisect\10153\972Ziar.pdf
Chýba c:\Shares\vrty\vrty3\python\bisect\10153\969Skeresovo.pdf
Chýba c:\Shares\vrty\vrty3\python\bisect\10153\970Hrkac.pdf
Chýba c:\Shares\vrty\vrty3\python\bisect\10153\965RimavskaSec.pdf
Chýba c:\Shares\vrty\vrty3\python\bisect\10153\878Viglas.pdf
Chýba c:\Shares\vrty\vrty3\python\bisect\10153\904Roznava.pdf
Chýba c:\Shares\vrty\vrty3\python\bisect\10153\c_904Roznava.pdf
Chýba c:\Shares\vrty\vrty3\python\bisect\10153\923Slavec.pdf
Chýba c:\Shares\vrty\vrty3\python\bisect\10153\972Ziar.pdf
Chýba c:\Shares\vrty\vrty3\python\bisect\10153\969Skeresovo.pdf
Chýba c:\Shares\vrty\vrty3\python\bisect\10153\970Hrkac.pdf
Chýba c:\Shares\vrty\vrty3\python\bisect\10153\965RimavskaSec.pdf
Chýba c:\Shares\vrty\vrty3\python\bisect\10153\878Viglas.pdf
Chýba c:\Shares\vrty\vrty3\python\bisect\10488\VIL-1.pdf
Chýba c:\Shares\vrty\vrty3\python\bisect\10488\VIL-1.pdf
Chýba c:\Shares\vrty\vrty3\python\bisect\10488\VIL-1.pdf
Chýba c:\Shares\vrty\vrty3\python\bisect\10488\VIL-1.pdf
Chýba c:\Shares\vrty\vrty3\python\bisect\10777\KOS55.pdf
Chýba c:\Shares\vrty\vrty3\python\bisect\10777\KOS56.pdf
Chýba c:\Shares\vrty\vrty3\python\bisect\10777\KOS57.pdf
Chýba c:\Shares\vrty\vrty3\python\bisect\10777\KOS62b.pdf
Chýba c:\Shares\vrty\vrty3\python\bisect\10777\KOS59.pdf
Chýba c:\Shares\vrty\vrty3\python\bisect\10777\KOS61a.pdf
Chýba c:\Shares\vrty\vrty3\python\bisect\10777\KOS60.pdf
Chýba c:\Shares\vrty\vrty3\python\bisect\10777\KOS61b.pdf
Chýba c:\Shares\vrty\vrty3\python\bisect\10777\KOS62a.pdf
Chýba c:\Shares\vrty\vrty3\python\bisect\10777\KOS58.pdf
Chýba c:\Shares\vrty\vrty3\python\bisect\10777\KOS63.pdf
Chýba c:\Shares\vrty\vrty3\python\bisect\10777\KOS64.pdf
Chýba c:\Shares\vrty\vrty3\python\bisect\10777\KOS65.pdf
Chýba c:\Shares\vrty\vrty3\python\bisect\10777\KOS66.pdf
Chýba c:\Shares\vrty\vrty3\python\bisect\10777\KOS67.pdf
Chýba c:\Shares\vrty\vrty3\python\bisect\10777\KOS55.pdf
Chýba c:\Shares\vrty\vrty3\python\bisect\10777\KOS56.pdf
Chýba c:\Shares\vrty\vrty3\python\bisect\10777\KOS57.pdf
Chýba c:\Shares\vrty\vrty3\python\bisect\10777\KOS62b.pdf
Chýba c:\Shares\vrty\vrty3\python\bisect\10777\KOS59.pdf
Chýba c:\Shares\vrty\vrty3\python\bisect\10777\KOS61a.pdf
Chýba c:\Shares\vrty\vrty3\python\bisect\10777\KOS60.pdf
Chýba c:\Shares\vrty\vrty3\python\bisect\10777\KOS61b.pdf
Chýba c:\Shares\vrty\vrty3\python\bisect\10777\KOS62a.pdf
Chýba c:\Shares\vrty\vrty3\python\bisect\10777\KOS58.pdf
Chýba c:\Shares\vrty\vrty3\python\bisect\10777\KOS63.pdf
Chýba c:\Shares\vrty\vrty3\python\bisect\10777\KOS64.pdf
Chýba c:\Shares\vrty\vrty3\python\bisect\10777\KOS65.pdf
Chýba c:\Shares\vrty\vrty3\python\bisect\10777\KOS66.pdf
Chýba c:\Shares\vrty\vrty3\python\bisect\10777\KOS67.pdf
Chýba c:\Shares\vrty\vrty3\python\bisect\10777\GWC.pdf
Chýba c:\Shares\vrty\vrty3\python\bisect\10777\GWB.pdf
Chýba c:\Shares\vrty\vrty3\python\bisect\10777\GWA.pdf
Chýba c:\Shares\vrty\vrty3\python\bisect\10777\GWC.pdf
Chýba c:\Shares\vrty\vrty3\python\bisect\10777\GWB.pdf
Chýba c:\Shares\vrty\vrty3\python\bisect\10777\GWA.pdf
Chýba c:\Shares\vrty\vrty3\python\bisect\10777\KOS55.pdf
Chýba c:\Shares\vrty\vrty3\python\bisect\10777\KOS56.pdf
Chýba c:\Shares\vrty\vrty3\python\bisect\10777\KOS57.pdf
Chýba c:\Shares\vrty\vrty3\python\bisect\10777\KOS62b.pdf
Chýba c:\Shares\vrty\vrty3\python\bisect\10777\KOS59.pdf
Chýba c:\Shares\vrty\vrty3\python\bisect\10777\KOS61a.pdf
Chýba c:\Shares\vrty\vrty3\python\bisect\10777\KOS60.pdf
Chýba c:\Shares\vrty\vrty3\python\bisect\10777\KOS61b.pdf
Chýba c:\Shares\vrty\vrty3\python\bisect\10777\KOS62a.pdf
Chýba c:\Shares\vrty\vrty3\python\bisect\10777\KOS58.pdf
Chýba c:\Shares\vrty\vrty3\python\bisect\10777\KOS63.pdf
Chýba c:\Shares\vrty\vrty3\python\bisect\10777\KOS64.pdf
Chýba c:\Shares\vrty\vrty3\python\bisect\10777\KOS65.pdf
Chýba c:\Shares\vrty\vrty3\python\bisect\10777\KOS66.pdf
Chýba c:\Shares\vrty\vrty3\python\bisect\10777\KOS67.pdf
Chýba c:\Shares\vrty\vrty3\python\bisect\10777\KOS55.pdf
Chýba c:\Shares\vrty\vrty3\python\bisect\10777\KOS56.pdf
Chýba c:\Shares\vrty\vrty3\python\bisect\10777\KOS57.pdf
Chýba c:\Shares\vrty\vrty3\python\bisect\10777\KOS62b.pdf
Chýba c:\Shares\vrty\vrty3\python\bisect\10777\KOS59.pdf
Chýba c:\Shares\vrty\vrty3\python\bisect\10777\KOS61a.pdf
Chýba c:\Shares\vrty\vrty3\python\bisect\10777\KOS60.pdf
Chýba c:\Shares\vrty\vrty3\python\bisect\10777\KOS61b.pdf
Chýba c:\Shares\vrty\vrty3\python\bisect\10777\KOS62a.pdf
Chýba c:\Shares\vrty\vrty3\python\bisect\10777\KOS58.pdf
Chýba c:\Shares\vrty\vrty3\python\bisect\10777\KOS63.pdf
Chýba c:\Shares\vrty\vrty3\python\bisect\10777\KOS64.pdf
Chýba c:\Shares\vrty\vrty3\python\bisect\10777\KOS65.pdf
Chýba c:\Shares\vrty\vrty3\python\bisect\10777\KOS66.pdf
Chýba c:\Shares\vrty\vrty3\python\bisect\10777\KOS67.pdf
Chýba c:\Shares\vrty\vrty3\python\bisect\10853\Vrtc_1.pdf
Chýba c:\Shares\vrty\vrty3\python\bisect\10853\Vrtc_2.pdf
Chýba c:\Shares\vrty\vrty3\python\bisect\10853\Vrtc_3.pdf
Chýba c:\Shares\vrty\vrty3\python\bisect\10853\Vrtc_1.pdf
Chýba c:\Shares\vrty\vrty3\python\bisect\10853\Vrtc_2.pdf
Chýba c:\Shares\vrty\vrty3\python\bisect\10853\Vrtc_3.pdf
Chýba c:\Shares\vrty\vrty3\python\bisect\11041\HKL-XA.pdf
Chýba c:\Shares\vrty\vrty3\python\bisect\11041\HKL-XB.pdf
Chýba c:\Shares\vrty\vrty3\python\bisect\11041\HKL-XA.pdf
Chýba c:\Shares\vrty\vrty3\python\bisect\11041\HKL-XB.pdf
Chýba c:\Shares\vrty\vrty3\python\bisect\11041\HKL-XA.pdf
Chýba c:\Shares\vrty\vrty3\python\bisect\11041\HKL-XB.pdf
Chýba c:\Shares\vrty\vrty3\python\bisect\11041\HKL-XA.pdf
Chýba c:\Shares\vrty\vrty3\python\bisect\11041\HKL-XB.pdf
Chýba c:\Shares\vrty\vrty3\python\bisect\11174\V_POZ-1.pdf
Chýba c:\Shares\vrty\vrty3\python\bisect\11174\V_POZ-1.pdf
Chýba c:\Shares\vrty\vrty3\python\bisect\11180\P-8(pilota).pdf
Chýba c:\Shares\vrty\vrty3\python\bisect\11180\K-6(kotva).pdf
Chýba c:\Shares\vrty\vrty3\python\bisect\11180\P-8(pilota).pdf
Chýba c:\Shares\vrty\vrty3\python\bisect\11180\K-6(kotva).pdf
Chýba c:\Shares\vrty\vrty3\python\bisect\11295\ZP4.pdf
Chýba c:\Shares\vrty\vrty3\python\bisect\11295\ZP4.pdf
Chýba c:\Shares\vrty\vrty3\python\bisect\11295\ZP4.pdf
Chýba c:\Shares\vrty\vrty3\python\bisect\11295\ZP4.pdf
Chýba c:\Shares\vrty\vrty3\python\bisect\11324\V-C_K_-1.pdf
Chýba c:\Shares\vrty\vrty3\python\bisect\11324\V-C_K_-1.pdf
Chýba c:\Shares\vrty\vrty3\python\bisect\11348\P-5.pdf
Chýba c:\Shares\vrty\vrty3\python\bisect\11348\V-1_R.pdf
Chýba c:\Shares\vrty\vrty3\python\bisect\11348\P-5.pdf
Chýba c:\Shares\vrty\vrty3\python\bisect\11348\V-1_R.pdf
Chýba c:\Shares\vrty\vrty3\python\bisect\11348\P-5.pdf
Chýba c:\Shares\vrty\vrty3\python\bisect\11348\V-13_R.pdf
Chýba c:\Shares\vrty\vrty3\python\bisect\11348\P-5.pdf
Chýba c:\Shares\vrty\vrty3\python\bisect\11348\V-13_R.pdf
Chýba c:\Shares\vrty\vrty3\python\bisect\11348\V-13_R.pdf
Chýba c:\Shares\vrty\vrty3\python\bisect\11348\V-19_P.pdf
Chýba c:\Shares\vrty\vrty3\python\bisect\11348\V-23_P.pdf
Chýba c:\Shares\vrty\vrty3\python\bisect\11348\V-27_P.pdf
Chýba c:\Shares\vrty\vrty3\python\bisect\11348\V-32_R.pdf
Chýba c:\Shares\vrty\vrty3\python\bisect\11348\V-37_R.pdf
Chýba c:\Shares\vrty\vrty3\python\bisect\11348\V-42_P.pdf
Chýba c:\Shares\vrty\vrty3\python\bisect\11348\V-53_R.pdf
Chýba c:\Shares\vrty\vrty3\python\bisect\11348\V-47_P.pdf
Chýba c:\Shares\vrty\vrty3\python\bisect\11348\V-59_P.pdf
Chýba c:\Shares\vrty\vrty3\python\bisect\11348\V-61_R.pdf
Chýba c:\Shares\vrty\vrty3\python\bisect\11348\V-63_P.pdf
Chýba c:\Shares\vrty\vrty3\python\bisect\11348\V-55_P.pdf
Chýba c:\Shares\vrty\vrty3\python\bisect\11348\V-57_R.pdf
Chýba c:\Shares\vrty\vrty3\python\bisect\11348\V-13_R.pdf
Chýba c:\Shares\vrty\vrty3\python\bisect\11348\V-19_P.pdf
Chýba c:\Shares\vrty\vrty3\python\bisect\11348\V-23_P.pdf
Chýba c:\Shares\vrty\vrty3\python\bisect\11348\V-27_P.pdf
Chýba c:\Shares\vrty\vrty3\python\bisect\11348\V-32_R.pdf
Chýba c:\Shares\vrty\vrty3\python\bisect\11348\V-37_R.pdf
Chýba c:\Shares\vrty\vrty3\python\bisect\11348\V-42_P.pdf
Chýba c:\Shares\vrty\vrty3\python\bisect\11348\V-53_R.pdf
Chýba c:\Shares\vrty\vrty3\python\bisect\11348\V-47_P.pdf
Chýba c:\Shares\vrty\vrty3\python\bisect\11348\V-59_P.pdf
Chýba c:\Shares\vrty\vrty3\python\bisect\11348\V-61_R.pdf
Chýba c:\Shares\vrty\vrty3\python\bisect\11348\V-63_P.pdf
Chýba c:\Shares\vrty\vrty3\python\bisect\11348\V-55_P.pdf
Chýba c:\Shares\vrty\vrty3\python\bisect\11348\V-57_R.pdf
Chýba c:\Shares\vrty\vrty3\python\bisect\11351\AGD-HG-62b.pdf
Chýba c:\Shares\vrty\vrty3\python\bisect\11351\AGD-HG-62b.pdf
Chýba c:\Shares\vrty\vrty3\python\bisect\11424\PD-1a.pdf
Chýba c:\Shares\vrty\vrty3\python\bisect\11424\PD-1a.pdf
Chýba c:\Shares\vrty\vrty3\python\bisect\11424\PD-1a.pdf
Chýba c:\Shares\vrty\vrty3\python\bisect\11424\PD-1a.pdf
Chýba c:\Shares\vrty\vrty3\python\bisect\11440\KS-1.pdf
Chýba c:\Shares\vrty\vrty3\python\bisect\11440\KS-1.pdf
Chýba c:\Shares\vrty\vrty3\python\bisect\11447\S-1.pdf
Chýba c:\Shares\vrty\vrty3\python\bisect\11447\S-2.pdf
Chýba c:\Shares\vrty\vrty3\python\bisect\11447\S-3.pdf
Chýba c:\Shares\vrty\vrty3\python\bisect\11447\S-1.pdf
Chýba c:\Shares\vrty\vrty3\python\bisect\11447\S-2.pdf
Chýba c:\Shares\vrty\vrty3\python\bisect\11447\S-3.pdf
Chýba c:\Shares\vrty\vrty3\python\bisect\11468\SB-1.pdf
Chýba c:\Shares\vrty\vrty3\python\bisect\11468\SB-2.pdf
Chýba c:\Shares\vrty\vrty3\python\bisect\11468\SB-3.pdf
Chýba c:\Shares\vrty\vrty3\python\bisect\11468\SB-4.pdf
Chýba c:\Shares\vrty\vrty3\python\bisect\11468\SB-5.pdf
Chýba c:\Shares\vrty\vrty3\python\bisect\11468\SB-1.pdf
Chýba c:\Shares\vrty\vrty3\python\bisect\11468\SB-2.pdf
Chýba c:\Shares\vrty\vrty3\python\bisect\11468\SB-3.pdf
Chýba c:\Shares\vrty\vrty3\python\bisect\11468\SB-4.pdf
Chýba c:\Shares\vrty\vrty3\python\bisect\11468\SB-5.pdf
Chýba c:\Shares\vrty\vrty3\python\bisect\11499\V-5.pdf
Chýba c:\Shares\vrty\vrty3\python\bisect\11499\V-6.pdf
Chýba c:\Shares\vrty\vrty3\python\bisect\11499\V-5.pdf
Chýba c:\Shares\vrty\vrty3\python\bisect\11499\V-6.pdf
Chýba c:\Shares\vrty\vrty3\python\bisect\11598\CVJS-2P.pdf
Chýba c:\Shares\vrty\vrty3\python\bisect\11598\CVJS-2P.pdf
Chýba c:\Shares\vrty\vrty3\python\bisect\11598\CVJS-2.pdf
Chýba c:\Shares\vrty\vrty3\python\bisect\11598\CVJS-2.pdf
Chýba c:\Shares\vrty\vrty3\python\bisect\11598\CVJS-3P.pdf
Chýba c:\Shares\vrty\vrty3\python\bisect\11598\CVJS-3P.pdf
Chýba c:\Shares\vrty\vrty3\python\bisect\11598\CVJS-3.pdf
Chýba c:\Shares\vrty\vrty3\python\bisect\11598\CVJS-3.pdf
Chýba c:\Shares\vrty\vrty3\python\bisect\11598\RKNB-1P.pdf
Chýba c:\Shares\vrty\vrty3\python\bisect\11598\RKNB-1P.pdf
Chýba c:\Shares\vrty\vrty3\python\bisect\11598\RKNB-1.pdf
Chýba c:\Shares\vrty\vrty3\python\bisect\11598\RKNB-1.pdf
Chýba c:\Shares\vrty\vrty3\python\bisect\11598\RKNB-2P.pdf
Chýba c:\Shares\vrty\vrty3\python\bisect\11598\RKNB-2P.pdf
Chýba c:\Shares\vrty\vrty3\python\bisect\11598\RKNB-2.pdf
Chýba c:\Shares\vrty\vrty3\python\bisect\11598\RKNB-2.pdf
Chýba c:\Shares\vrty\vrty3\python\bisect\11598\RKNB-3P.pdf
Chýba c:\Shares\vrty\vrty3\python\bisect\11598\RKNB-3P.pdf
Chýba c:\Shares\vrty\vrty3\python\bisect\11598\RKNB-3.pdf
Chýba c:\Shares\vrty\vrty3\python\bisect\11598\RKNB-3.pdf
Chýba c:\Shares\vrty\vrty3\python\bisect\11598\RKPB-1P.pdf
Chýba c:\Shares\vrty\vrty3\python\bisect\11598\RKPB-1P.pdf
Chýba c:\Shares\vrty\vrty3\python\bisect\11598\RKPB-1.pdf
Chýba c:\Shares\vrty\vrty3\python\bisect\11598\RKPB-1.pdf
Chýba c:\Shares\vrty\vrty3\python\bisect\11598\RKPB-2P.pdf
Chýba c:\Shares\vrty\vrty3\python\bisect\11598\RKPB-2P.pdf
Chýba c:\Shares\vrty\vrty3\python\bisect\11598\RKPB-2.pdf
Chýba c:\Shares\vrty\vrty3\python\bisect\11598\RKPB-2.pdf
Chýba c:\Shares\vrty\vrty3\python\bisect\11598\RKPB-3P.pdf
Chýba c:\Shares\vrty\vrty3\python\bisect\11598\RKPB-3P.pdf
Chýba c:\Shares\vrty\vrty3\python\bisect\11598\RKPB-3P.pdf
Chýba c:\Shares\vrty\vrty3\python\bisect\11598\RKPB-3P.pdf
Chýba c:\Shares\vrty\vrty3\python\bisect\11598\RKPB-3.pdf
Chýba c:\Shares\vrty\vrty3\python\bisect\11598\RKPB-3.pdf
Chýba c:\Shares\vrty\vrty3\python\bisect\11598\RKPM-1P.pdf
Chýba c:\Shares\vrty\vrty3\python\bisect\11598\RKPM-1P.pdf
Chýba c:\Shares\vrty\vrty3\python\bisect\11598\RKPM-1.pdf
Chýba c:\Shares\vrty\vrty3\python\bisect\11598\RKPM-1.pdf
Chýba c:\Shares\vrty\vrty3\python\bisect\11598\RKPM-2P.pdf
Chýba c:\Shares\vrty\vrty3\python\bisect\11598\RKPM-2P.pdf
Chýba c:\Shares\vrty\vrty3\python\bisect\11598\RKPM-2.pdf
Chýba c:\Shares\vrty\vrty3\python\bisect\11598\RKPM-2.pdf
Chýba c:\Shares\vrty\vrty3\python\bisect\11598\RKPM-3P.pdf
Chýba c:\Shares\vrty\vrty3\python\bisect\11598\RKPM-3P.pdf
Chýba c:\Shares\vrty\vrty3\python\bisect\11598\RKPM-3.pdf
Chýba c:\Shares\vrty\vrty3\python\bisect\11598\RKPM-3.pdf
Chýba c:\Shares\vrty\vrty3\python\bisect\11610\IVS-5.pdf
Chýba c:\Shares\vrty\vrty3\python\bisect\11610\IVS-4.pdf
Chýba c:\Shares\vrty\vrty3\python\bisect\11610\IVS-7.pdf
Chýba c:\Shares\vrty\vrty3\python\bisect\11610\IVS-6.pdf
Chýba c:\Shares\vrty\vrty3\python\bisect\11610\IVS-3.pdf
Chýba c:\Shares\vrty\vrty3\python\bisect\11610\IVS-2.pdf
Chýba c:\Shares\vrty\vrty3\python\bisect\11610\IVS-1.pdf
Chýba c:\Shares\vrty\vrty3\python\bisect\11610\IVS-5.pdf
Chýba c:\Shares\vrty\vrty3\python\bisect\11610\IVS-4.pdf
Chýba c:\Shares\vrty\vrty3\python\bisect\11610\IVS-7.pdf
Chýba c:\Shares\vrty\vrty3\python\bisect\11610\IVS-6.pdf
Chýba c:\Shares\vrty\vrty3\python\bisect\11610\IVS-3.pdf
Chýba c:\Shares\vrty\vrty3\python\bisect\11610\IVS-2.pdf
Chýba c:\Shares\vrty\vrty3\python\bisect\11610\IVS-1.pdf
