Warning: file c:\Shares\vrty\vrty3\python\bisect\00002\vrty.csv does not exist
Warning: file c:\Shares\vrty\vrty3\python\bisect\00005\vrty.csv does not exist
Warning: file c:\Shares\vrty\vrty3\python\bisect\00008\vrty.csv does not exist
Warning: file c:\Shares\vrty\vrty3\python\bisect\00012\vrty.csv does not exist
Warning: file c:\Shares\vrty\vrty3\python\bisect\00033\vrty.csv does not exist
Warning: file c:\Shares\vrty\vrty3\python\bisect\00033\Kau\vrty.csv does not exist
Warning: file c:\Shares\vrty\vrty3\python\bisect\00033\Kre\vrty.csv does not exist
Warning: file c:\Shares\vrty\vrty3\python\bisect\00033\krem1\vrty.csv does not exist
Warning: file c:\Shares\vrty\vrty3\python\bisect\00033\kremnica\vrty.csv does not exist
Warning: file c:\Shares\vrty\vrty3\python\bisect\00033\krhorves\vrty.csv does not exist
Warning: file c:\Shares\vrty\vrty3\python\bisect\00073\vrty.csv does not exist
Warning: file c:\Shares\vrty\vrty3\python\bisect\00075\vrty.csv does not exist
Warning: file c:\Shares\vrty\vrty3\python\bisect\00081\vrty.csv does not exist
Warning: file c:\Shares\vrty\vrty3\python\bisect\01056\vrty.csv does not exist
Warning: file c:\Shares\vrty\vrty3\python\bisect\01900\vrty.csv does not exist
Warning: file c:\Shares\vrty\vrty3\python\bisect\03501\vrty.csv does not exist
Warning: file c:\Shares\vrty\vrty3\python\bisect\03981\vrty.csv does not exist
Warning: file c:\Shares\vrty\vrty3\python\bisect\04005\vrty.csv does not exist
Warning: file c:\Shares\vrty\vrty3\python\bisect\04205\VB\vrty.csv does not exist
Warning: file c:\Shares\vrty\vrty3\python\bisect\04205\VHR\vrty.csv does not exist
Warning: file c:\Shares\vrty\vrty3\python\bisect\04205\VK\vrty.csv does not exist
Warning: file c:\Shares\vrty\vrty3\python\bisect\04205\VKB\vrty.csv does not exist
Warning: file c:\Shares\vrty\vrty3\python\bisect\04205\VKP\vrty.csv does not exist
Warning: file c:\Shares\vrty\vrty3\python\bisect\04205\VKS\vrty.csv does not exist
Warning: file c:\Shares\vrty\vrty3\python\bisect\04205\VKSS\vrty.csv does not exist
Warning: file c:\Shares\vrty\vrty3\python\bisect\04205\VL\vrty.csv does not exist
Warning: file c:\Shares\vrty\vrty3\python\bisect\04205\VSH\vrty.csv does not exist
Warning: file c:\Shares\vrty\vrty3\python\bisect\04205\VSK\vrty.csv does not exist
Warning: file c:\Shares\vrty\vrty3\python\bisect\06000\VKB\vrty.csv does not exist
Warning: file c:\Shares\vrty\vrty3\python\bisect\06000\VKP\vrty.csv does not exist
Warning: file c:\Shares\vrty\vrty3\python\bisect\06000\VKS\vrty.csv does not exist
Warning: file c:\Shares\vrty\vrty3\python\bisect\06000\VKSS\vrty.csv does not exist
Warning: file c:\Shares\vrty\vrty3\python\bisect\06000\VL\vrty.csv does not exist
Warning: file c:\Shares\vrty\vrty3\python\bisect\10029\vrty.csv does not exist
Warning: file c:\Shares\vrty\vrty3\python\bisect\10253\pdf_vrty\vrty.csv does not exist
Warning: file c:\Shares\vrty\vrty3\python\bisect\10635\vrty.csv does not exist
Warning: file c:\Shares\vrty\vrty3\python\bisect\10722\vrty.csv does not exist
Warning: file c:\Shares\vrty\vrty3\python\bisect\10881\vrty.csv does not exist
Warning: file c:\Shares\vrty\vrty3\python\bisect\10923\vrty.csv does not exist
Warning: Súbor c:\Shares\vrty\vrty3\python\bisect\04205\\vrtloz.csv má nulovú veľkosť
